-------------------
CSE247 Robot tester starts testing dh on 2016-12-16 11:26:29 -0600

========
Testing in checkoutlab12ontime/cse247-f16-students-catherinewines: dh as of 2016-12-08 09:00
========
Buildfile: /Users/roncytron/Desktop/247/bitbucket/cse247-support/build.xml

copytest:
     [echo] would copy from /Users/roncytron/git/cse247-f16-students key catherinewines testfilesource testing/TestDH package dh repo checkoutlab12ontime/cse247-f16-students-catherinewines
     [copy] Copying 1 file to /Users/roncytron/Desktop/247/bitbucket/cse247-support/checkoutlab12ontime/cse247-f16-students-catherinewines/labs/dh/testing

BUILD SUCCESSFUL
Total time: 0 seconds
Now in: /Users/roncytron/Desktop/247/bitbucket/cse247-support/checkoutlab12ontime/cse247-f16-students-catherinewines
Compiling the code
Buildfile: /Users/roncytron/Desktop/247/bitbucket/cse247-support/build.xml

compile:
     [echo] Compiling dh/utils/MExp
    [mkdir] Created dir: /Users/roncytron/Desktop/247/bitbucket/cse247-support/checkoutlab12ontime/cse247-f16-students-catherinewines/bin
    [javac] Compiling 1 source file to /Users/roncytron/Desktop/247/bitbucket/cse247-support/checkoutlab12ontime/cse247-f16-students-catherinewines/bin

BUILD SUCCESSFUL
Total time: 0 seconds
Buildfile: /Users/roncytron/Desktop/247/bitbucket/cse247-support/build.xml

compile:
     [echo] Compiling dh/DH
    [javac] Compiling 1 source file to /Users/roncytron/Desktop/247/bitbucket/cse247-support/checkoutlab12ontime/cse247-f16-students-catherinewines/bin

BUILD SUCCESSFUL
Total time: 0 seconds
Buildfile: /Users/roncytron/Desktop/247/bitbucket/cse247-support/build.xml

compile:
     [echo] Compiling dh/testing/TestDH
    [javac] Compiling 1 source file to /Users/roncytron/Desktop/247/bitbucket/cse247-support/checkoutlab12ontime/cse247-f16-students-catherinewines/bin

BUILD SUCCESSFUL
Total time: 0 seconds
Running test testing.TestDH
Buildfile: /Users/roncytron/Desktop/247/bitbucket/cse247-support/build.xml

test:
    [junit] Running dh.testing.TestDH
    [junit] Testsuite: dh.testing.TestDH
    [junit] Tests run: 3, Failures: 0, Errors: 3, Skipped: 0, Time elapsed: 0.015 sec
    [junit] Tests run: 3, Failures: 0, Errors: 3, Skipped: 0, Time elapsed: 0.015 sec
    [junit] 
    [junit] Testcase: testPubKeys took 0.002 sec
    [junit] 	Caused an ERROR
    [junit] null
    [junit] java.lang.NullPointerException
    [junit] 	at dh.DH.getPubKey(DH.java:29)
    [junit] 	at dh.testing.TestDH.testPubKeys(TestDH.java:33)
    [junit] 
    [junit] Testcase: testLectureExample took 0 sec
    [junit] 	Caused an ERROR
    [junit] null
    [junit] java.lang.NullPointerException
    [junit] 	at dh.DH.getPubKey(DH.java:29)
    [junit] 	at dh.testing.TestDH.testLectureExample(TestDH.java:21)
    [junit] 
    [junit] Testcase: testAgreement took 0 sec
    [junit] 	Caused an ERROR
    [junit] null
    [junit] java.lang.NullPointerException
    [junit] 	at dh.DH.getPubKey(DH.java:29)
    [junit] 	at dh.testing.TestDH.testAgreement(TestDH.java:44)
    [junit] 

BUILD FAILED
/Users/roncytron/Desktop/247/bitbucket/cse247-support/build.xml:32: Test dh.testing.TestDH failed

Total time: 0 seconds
========
Testing in checkoutlab12late/cse247-f16-students-catherinewines: dh as of 2016-12-15 09:00
========
Buildfile: /Users/roncytron/Desktop/247/bitbucket/cse247-support/build.xml

copytest:
     [echo] would copy from /Users/roncytron/git/cse247-f16-students key catherinewines testfilesource testing/TestDH package dh repo checkoutlab12late/cse247-f16-students-catherinewines
     [copy] Copying 1 file to /Users/roncytron/Desktop/247/bitbucket/cse247-support/checkoutlab12late/cse247-f16-students-catherinewines/labs/dh/testing

BUILD SUCCESSFUL
Total time: 0 seconds
Now in: /Users/roncytron/Desktop/247/bitbucket/cse247-support/checkoutlab12late/cse247-f16-students-catherinewines
Compiling the code
Buildfile: /Users/roncytron/Desktop/247/bitbucket/cse247-support/build.xml

compile:
     [echo] Compiling dh/utils/MExp
    [mkdir] Created dir: /Users/roncytron/Desktop/247/bitbucket/cse247-support/checkoutlab12late/cse247-f16-students-catherinewines/bin
    [javac] Compiling 1 source file to /Users/roncytron/Desktop/247/bitbucket/cse247-support/checkoutlab12late/cse247-f16-students-catherinewines/bin

BUILD SUCCESSFUL
Total time: 0 seconds
Buildfile: /Users/roncytron/Desktop/247/bitbucket/cse247-support/build.xml

compile:
     [echo] Compiling dh/DH
    [javac] Compiling 1 source file to /Users/roncytron/Desktop/247/bitbucket/cse247-support/checkoutlab12late/cse247-f16-students-catherinewines/bin

BUILD SUCCESSFUL
Total time: 0 seconds
Buildfile: /Users/roncytron/Desktop/247/bitbucket/cse247-support/build.xml

compile:
     [echo] Compiling dh/testing/TestDH
    [javac] Compiling 1 source file to /Users/roncytron/Desktop/247/bitbucket/cse247-support/checkoutlab12late/cse247-f16-students-catherinewines/bin

BUILD SUCCESSFUL
Total time: 0 seconds
Running test testing.TestDH
Buildfile: /Users/roncytron/Desktop/247/bitbucket/cse247-support/build.xml

test:
    [junit] Running dh.testing.TestDH
    [junit] Testsuite: dh.testing.TestDH
    [junit] Tests run: 3, Failures: 0, Errors: 3, Skipped: 0, Time elapsed: 0.015 sec
    [junit] Tests run: 3, Failures: 0, Errors: 3, Skipped: 0, Time elapsed: 0.015 sec
    [junit] 
    [junit] Testcase: testPubKeys took 0.002 sec
    [junit] 	Caused an ERROR
    [junit] null
    [junit] java.lang.NullPointerException
    [junit] 	at dh.DH.getPubKey(DH.java:29)
    [junit] 	at dh.testing.TestDH.testPubKeys(TestDH.java:33)
    [junit] 
    [junit] Testcase: testLectureExample took 0.001 sec
    [junit] 	Caused an ERROR
    [junit] null
    [junit] java.lang.NullPointerException
    [junit] 	at dh.DH.getPubKey(DH.java:29)
    [junit] 	at dh.testing.TestDH.testLectureExample(TestDH.java:21)
    [junit] 
    [junit] Testcase: testAgreement took 0 sec
    [junit] 	Caused an ERROR
    [junit] null
    [junit] java.lang.NullPointerException
    [junit] 	at dh.DH.getPubKey(DH.java:29)
    [junit] 	at dh.testing.TestDH.testAgreement(TestDH.java:44)
    [junit] 

BUILD FAILED
/Users/roncytron/Desktop/247/bitbucket/cse247-support/build.xml:32: Test dh.testing.TestDH failed

Total time: 0 seconds
================
Lab is not counted -- failed unit tests
================

CSE247 Robot tester ends testing dh on 2016-12-16 11:26:36 -0600
-------------------
